Performing C SOURCE FILE Test CMAKE_HAVE_LIBC_PTHREAD failed with the following output:
Change Dir: /home/eva/projects/HSE-Course_2sem/homework-1/build/CMakeFiles/CMakeTmp

Run Build Command(s):/usr/bin/make -f Makefile cmTC_15c92/fast && /usr/bin/make  -f CMakeFiles/cmTC_15c92.dir/build.make CMakeFiles/cmTC_15c92.dir/build
make[1]: вход в каталог «/home/eva/projects/HSE-Course_2sem/homework-1/build/CMakeFiles/CMakeTmp»
Building C object CMakeFiles/cmTC_15c92.dir/src.c.o
/usr/bin/cc -DCMAKE_HAVE_LIBC_PTHREAD   -o CMakeFiles/cmTC_15c92.dir/src.c.o -c /home/eva/projects/HSE-Course_2sem/homework-1/build/CMakeFiles/CMakeTmp/src.c
Linking C executable cmTC_15c92
/usr/local/bin/cmake -E cmake_link_script CMakeFiles/cmTC_15c92.dir/link.txt --verbose=1
/usr/bin/cc -rdynamic CMakeFiles/cmTC_15c92.dir/src.c.o -o cmTC_15c92 
/usr/bin/ld: CMakeFiles/cmTC_15c92.dir/src.c.o: в функции «main»:
src.c:(.text+0x46): неопределённая ссылка на «pthread_create»
/usr/bin/ld: src.c:(.text+0x52): неопределённая ссылка на «pthread_detach»
/usr/bin/ld: src.c:(.text+0x5e): неопределённая ссылка на «pthread_cancel»
/usr/bin/ld: src.c:(.text+0x6f): неопределённая ссылка на «pthread_join»
collect2: error: ld returned 1 exit status
make[1]: *** [CMakeFiles/cmTC_15c92.dir/build.make:99: cmTC_15c92] Ошибка 1
make[1]: выход из каталога «/home/eva/projects/HSE-Course_2sem/homework-1/build/CMakeFiles/CMakeTmp»
make: *** [Makefile:127: cmTC_15c92/fast] Ошибка 2


Source file was:
#include <pthread.h>

static void* test_func(void* data)
{
  return data;
}

int main(void)
{
  pthread_t thread;
  pthread_create(&thread, NULL, test_func, NULL);
  pthread_detach(thread);
  pthread_cancel(thread);
  pthread_join(thread, NULL);
  pthread_atfork(NULL, NULL, NULL);
  pthread_exit(NULL);

  return 0;
}

Determining if the function pthread_create exists in the pthreads failed with the following output:
Change Dir: /home/eva/projects/HSE-Course_2sem/homework-1/build/CMakeFiles/CMakeTmp

Run Build Command(s):/usr/bin/make -f Makefile cmTC_651b7/fast && /usr/bin/make  -f CMakeFiles/cmTC_651b7.dir/build.make CMakeFiles/cmTC_651b7.dir/build
make[1]: вход в каталог «/home/eva/projects/HSE-Course_2sem/homework-1/build/CMakeFiles/CMakeTmp»
Building C object CMakeFiles/cmTC_651b7.dir/CheckFunctionExists.c.o
/usr/bin/cc   -DCHECK_FUNCTION_EXISTS=pthread_create -o CMakeFiles/cmTC_651b7.dir/CheckFunctionExists.c.o -c /usr/local/share/cmake-3.20/Modules/CheckFunctionExists.c
Linking C executable cmTC_651b7
/usr/local/bin/cmake -E cmake_link_script CMakeFiles/cmTC_651b7.dir/link.txt --verbose=1
/usr/bin/cc  -DCHECK_FUNCTION_EXISTS=pthread_create -rdynamic CMakeFiles/cmTC_651b7.dir/CheckFunctionExists.c.o -o cmTC_651b7  -lpthreads 
/usr/bin/ld: невозможно найти -lpthreads
collect2: error: ld returned 1 exit status
make[1]: *** [CMakeFiles/cmTC_651b7.dir/build.make:99: cmTC_651b7] Ошибка 1
make[1]: выход из каталога «/home/eva/projects/HSE-Course_2sem/homework-1/build/CMakeFiles/CMakeTmp»
make: *** [Makefile:127: cmTC_651b7/fast] Ошибка 2



